This is pdfTeX, Version 3.141592653-2.6-1.40.29 (MiKTeX 26.1) (preloaded format=pdflatex 2026.2.2)  3 FEB 2026 11:32
entering extended mode
 restricted \write18 enabled.
 %&-line parsing enabled.
**./tmi.tex
(tmi.tex
LaTeX2e <2025-11-01>
L3 programming layer <2026-01-19>
(ieeecolor.cls

LaTeX Warning: You have requested document class `ieeecolor',
               but the document class provides `IEEEtran'.

Document Class: IEEEtran 2002/11/18 revision V1.6b by Michael Shell
-- See the "IEEEtran_HOWTO" manual for usage information.
-- The source comments contain changelog notes.
(/usr/local/share/miktex-texmf/tex/latex/graphics/color.sty
Package: color 2025/01/14 v1.3e Standard LaTeX Color (DPC)

(/usr/local/share/miktex-texmf/tex/latex/graphics-cfg/color.cfg
File: color.cfg 2016/01/02 v1.6 sample color configuration
)
Package color Info: Driver file: pdftex.def on input line 149.

(/usr/local/share/miktex-texmf/tex/latex/graphics-def/pdftex.def
File: pdftex.def 2025/09/29 v1.2d Graphics/color driver for pdftex
)
(/usr/local/share/miktex-texmf/tex/latex/graphics/mathcolor.ltx))
\@draftversionrule=\dimen148
\@IEEEtrantmpdimenA=\dimen149
\@IEEEtrantmpdimenB=\dimen150
\@IEEEtrantmpcountA=\count275
\@IEEEtrantmpcountB=\count276
\@IEEEtrantmptoksA=\toks17
LaTeX Font Info:    Trying to load font information for OT1+ptm on input line 8
34.

(/home/arafat/.miktex/texmfs/install/tex/latex/psnfss/ot1ptm.fd
File: ot1ptm.fd 2001/06/04 font definitions for OT1/ptm.
)
\@IEEEnormalsizefontbaselineskip=\skip49

-- This is a 10 point document.
\normalsizebaselineskip=\skip50
\normaljot=\skip51
LaTeX Font Info:    Font shape `OT1/ptm/bx/n' in size <5> not available
(Font)              Font shape `OT1/ptm/b/n' tried instead on input line 1180.
LaTeX Font Info:    Font shape `OT1/ptm/bx/it' in size <5> not available
(Font)              Font shape `OT1/ptm/b/it' tried instead on input line 1180.

LaTeX Font Info:    Font shape `OT1/ptm/bx/n' in size <7> not available
(Font)              Font shape `OT1/ptm/b/n' tried instead on input line 1180.
LaTeX Font Info:    Font shape `OT1/ptm/bx/it' in size <7> not available
(Font)              Font shape `OT1/ptm/b/it' tried instead on input line 1180.

LaTeX Font Info:    Font shape `OT1/ptm/bx/n' in size <8> not available
(Font)              Font shape `OT1/ptm/b/n' tried instead on input line 1180.
LaTeX Font Info:    Font shape `OT1/ptm/bx/it' in size <8> not available
(Font)              Font shape `OT1/ptm/b/it' tried instead on input line 1180.

LaTeX Font Info:    Font shape `OT1/ptm/bx/n' in size <9> not available
(Font)              Font shape `OT1/ptm/b/n' tried instead on input line 1180.
LaTeX Font Info:    Font shape `OT1/ptm/bx/it' in size <9> not available
(Font)              Font shape `OT1/ptm/b/it' tried instead on input line 1180.

LaTeX Font Info:    Font shape `OT1/ptm/bx/n' in size <10> not available
(Font)              Font shape `OT1/ptm/b/n' tried instead on input line 1180.
LaTeX Font Info:    Font shape `OT1/ptm/bx/it' in size <10> not available
(Font)              Font shape `OT1/ptm/b/it' tried instead on input line 1180.

LaTeX Font Info:    Font shape `OT1/ptm/bx/n' in size <11> not available
(Font)              Font shape `OT1/ptm/b/n' tried instead on input line 1180.
LaTeX Font Info:    Font shape `OT1/ptm/bx/it' in size <11> not available
(Font)              Font shape `OT1/ptm/b/it' tried instead on input line 1180.

LaTeX Font Info:    Font shape `OT1/ptm/bx/n' in size <12> not available
(Font)              Font shape `OT1/ptm/b/n' tried instead on input line 1180.
LaTeX Font Info:    Font shape `OT1/ptm/bx/it' in size <12> not available
(Font)              Font shape `OT1/ptm/b/it' tried instead on input line 1180.

LaTeX Font Info:    Font shape `OT1/ptm/bx/n' in size <17> not available
(Font)              Font shape `OT1/ptm/b/n' tried instead on input line 1180.
LaTeX Font Info:    Font shape `OT1/ptm/bx/it' in size <17> not available
(Font)              Font shape `OT1/ptm/b/it' tried instead on input line 1180.

LaTeX Font Info:    Font shape `OT1/ptm/bx/n' in size <20> not available
(Font)              Font shape `OT1/ptm/b/n' tried instead on input line 1180.
LaTeX Font Info:    Font shape `OT1/ptm/bx/it' in size <20> not available
(Font)              Font shape `OT1/ptm/b/it' tried instead on input line 1180.

LaTeX Font Info:    Font shape `OT1/ptm/bx/n' in size <24> not available
(Font)              Font shape `OT1/ptm/b/n' tried instead on input line 1180.
LaTeX Font Info:    Font shape `OT1/ptm/bx/it' in size <24> not available
(Font)              Font shape `OT1/ptm/b/it' tried instead on input line 1180.

\IEEEilabelindentA=\dimen151
\IEEEilabelindentB=\dimen152
\IEEEilabelindent=\dimen153
\IEEEelabelindent=\dimen154
\IEEEdlabelindent=\dimen155
\labelindent=\dimen156
\IEEEiednormlabelsep=\dimen157
\IEEEiedmathlabelsep=\dimen158
\IEEEiedtopsep=\skip52
\c@section=\count277
\c@subsection=\count278
\c@subsubsection=\count279
\c@paragraph=\count280
\c@IEEEsubequation=\count281
\abovecaptionskip=\skip53
\belowcaptionskip=\skip54
\figbox=\box53
\c@figure=\count282
\c@query=\count283
\c@qry=\count284
\c@nquery=\count285
\c@tquery=\count286
\c@equery=\count287
\c@eqry=\count288
\c@edquery=\count289
\c@etquery=\count290
\c@table=\count291
\@IEEEeqnnumcols=\count292
\@IEEEeqncolcnt=\count293
\firstpagerule=\skip55
\logowidth=\skip56
\@IEEEtmpitemindent=\dimen159
\c@biography=\count294
\c@edbiography=\count295
LaTeX Info: Redefining \sf on input line 4872.
\@IEEEtranrubishbin=\box54
) (tmi.sty) (/home/arafat/.miktex/texmfs/install/tex/latex/cite/cite.sty
LaTeX Info: Redefining \cite on input line 302.
LaTeX Info: Redefining \nocite on input line 332.
Package: cite 2015/02/27  v 5.5
)
(/usr/local/share/miktex-texmf/tex/latex/amsmath/amsmath.sty
Package: amsmath 2025/07/09 v2.17z AMS math features
\@mathmargin=\skip57

For additional information on amsmath, use the `?' option.
(/usr/local/share/miktex-texmf/tex/latex/amsmath/amstext.sty
Package: amstext 2024/11/17 v2.01 AMS text

(/usr/local/share/miktex-texmf/tex/latex/amsmath/amsgen.sty
File: amsgen.sty 1999/11/30 v2.0 generic functions
\@emptytoks=\toks18
\ex@=\dimen160
))
(/usr/local/share/miktex-texmf/tex/latex/amsmath/amsbsy.sty
Package: amsbsy 1999/11/29 v1.2d Bold Symbols
\pmbraise@=\dimen161
)
(/usr/local/share/miktex-texmf/tex/latex/amsmath/amsopn.sty
Package: amsopn 2022/04/08 v2.04 operator names
)
\inf@bad=\count296
LaTeX Info: Redefining \frac on input line 233.
\uproot@=\count297
\leftroot@=\count298
LaTeX Info: Redefining \overline on input line 398.
LaTeX Info: Redefining \colon on input line 409.
\classnum@=\count299
\DOTSCASE@=\count300
LaTeX Info: Redefining \ldots on input line 495.
LaTeX Info: Redefining \dots on input line 498.
LaTeX Info: Redefining \cdots on input line 619.
\Mathstrutbox@=\box55
\strutbox@=\box56
LaTeX Info: Redefining \big on input line 721.
LaTeX Info: Redefining \Big on input line 722.
LaTeX Info: Redefining \bigg on input line 723.
LaTeX Info: Redefining \Bigg on input line 724.
\big@size=\dimen162
LaTeX Font Info:    Redeclaring font encoding OML on input line 742.
LaTeX Font Info:    Redeclaring font encoding OMS on input line 743.
\macc@depth=\count301
LaTeX Info: Redefining \bmod on input line 904.
LaTeX Info: Redefining \pmod on input line 909.
LaTeX Info: Redefining \smash on input line 939.
LaTeX Info: Redefining \relbar on input line 969.
LaTeX Info: Redefining \Relbar on input line 970.
\c@MaxMatrixCols=\count302
\dotsspace@=\muskip17
\c@parentequation=\count303
\dspbrk@lvl=\count304
\tag@help=\toks19
\row@=\count305
\column@=\count306
\maxfields@=\count307
\andhelp@=\toks20
\eqnshift@=\dimen163
\alignsep@=\dimen164
\tagshift@=\dimen165
\tagwidth@=\dimen166
\totwidth@=\dimen167
\lineht@=\dimen168
\@envbody=\toks21
\multlinegap=\skip58
\multlinetaggap=\skip59
\mathdisplay@stack=\toks22
LaTeX Info: Redefining \[ on input line 2950.
LaTeX Info: Redefining \] on input line 2951.
)
(/usr/local/share/miktex-texmf/tex/latex/amsfonts/amssymb.sty
Package: amssymb 2013/01/14 v3.01 AMS font symbols

(/usr/local/share/miktex-texmf/tex/latex/amsfonts/amsfonts.sty
Package: amsfonts 2013/01/14 v3.01 Basic AMSFonts support
\symAMSa=\mathgroup4
\symAMSb=\mathgroup5
LaTeX Font Info:    Redeclaring math symbol \hbar on input line 98.
LaTeX Font Info:    Overwriting math alphabet `\mathfrak' in version `bold'
(Font)                  U/euf/m/n --> U/euf/b/n on input line 106.
))
(/home/arafat/.miktex/texmfs/install/tex/latex/algorithms/algorithmic.sty
Package: algorithmic 2009/08/24 v0.1 Document Style `algorithmic'

(/usr/local/share/miktex-texmf/tex/latex/base/ifthen.sty
Package: ifthen 2024/03/16 v1.1e Standard LaTeX ifthen package (DPC)
)
(/usr/local/share/miktex-texmf/tex/latex/graphics/keyval.sty
Package: keyval 2022/05/29 v1.15 key=value parser (DPC)
\KV@toks@=\toks23
)
\c@ALC@unique=\count308
\c@ALC@line=\count309
\c@ALC@rem=\count310
\c@ALC@depth=\count311
\ALC@tlm=\skip60
\algorithmicindent=\skip61
)
(/usr/local/share/miktex-texmf/tex/latex/graphics/graphicx.sty
Package: graphicx 2024/12/31 v1.2e Enhanced LaTeX Graphics (DPC,SPQR)

(/usr/local/share/miktex-texmf/tex/latex/graphics/graphics.sty
Package: graphics 2024/08/06 v1.4g Standard LaTeX Graphics (DPC,SPQR)

(/usr/local/share/miktex-texmf/tex/latex/graphics/trig.sty
Package: trig 2023/12/02 v1.11 sin cos tan (DPC)
)
(/usr/local/share/miktex-texmf/tex/latex/graphics-cfg/graphics.cfg
File: graphics.cfg 2016/06/04 v1.11 sample graphics configuration
)
Package graphics Info: Driver file: pdftex.def on input line 106.
)
\Gin@req@height=\dimen169
\Gin@req@width=\dimen170
)
(/usr/local/share/miktex-texmf/tex/latex/base/textcomp.sty
Package: textcomp 2024/04/24 v2.1b Standard LaTeX package
)
(/home/arafat/.miktex/texmfs/install/tex/latex/multirow/multirow.sty
Package: multirow 2024/11/12 v2.9 Span multiple rows of a table
\multirow@colwidth=\skip62
\multirow@cntb=\count312
\multirow@dima=\skip63
\bigstrutjot=\dimen171
)
(/home/arafat/.miktex/texmfs/install/tex/latex/float/float.sty
Package: float 2001/11/08 v1.3d Float enhancements (AL)
\c@float@type=\count313
\float@exts=\toks24
\float@box=\box57
\@float@everytoks=\toks25
\@floatcapt=\box58
)
(/home/arafat/.miktex/texmfs/install/tex/latex/placeins/placeins.sty
Package: placeins 2005/04/18  v 2.2
)
(/home/arafat/.miktex/texmfs/install/tex/latex/preprint/balance.sty
Package: balance 1999/02/23 4.3 (PWD)
\oldvsize=\dimen172
)
(/home/arafat/.miktex/texmfs/install/tex/latex/caption/caption.sty
Package: caption 2023/08/05 v3.6o Customizing captions (AR)

(/home/arafat/.miktex/texmfs/install/tex/latex/caption/caption3.sty
Package: caption3 2023/07/31 v2.4d caption3 kernel (AR)
\caption@tempdima=\dimen173
\captionmargin=\dimen174
\caption@leftmargin=\dimen175
\caption@rightmargin=\dimen176
\caption@width=\dimen177
\caption@indent=\dimen178
\caption@parindent=\dimen179
\caption@hangindent=\dimen180
Package caption Info: Unknown document class (or package),
(caption)             standard defaults will be used.
Package caption Info: \@makecaption = \long macro:#1#2->\fontencoding {T1} \fon
tfamily {phv} \fontseries {m} \fontshape {n} \fontsize {8}{10} \selectfont \scs
hape \ifx \@captype \@IEEEtablestring \@IEEEtablecaptionsabspace \begin {center
} \if@myimage \ifdim \width > 255pt {\strut #1\color {black}}\\ {\footnotesize 
\scshape \if \boldmath #2\color {black}\null \else \strut \stupiddouble {\boldm
ath #2\color {black}\normalcolor }\fi } \else {\strut #1\color {black}}\\ {\foo
tnotesize \scshape \if \boldmath #2\color {black}\null \else \strut \stupidsing
le {\boldmath #2\color {black}\normalcolor }\fi } \fi \else \ifdim \width > 255
pt {\strut #1}\\ {\footnotesize \scshape \if \boldmath #2\null \else \strut \st
upiddouble {\boldmath #2\color {black}}\fi } \else {\strut #1}\\ {\if \boldmath
 #2\null \else \strut \stupidsingle {\boldmath #2\color {black}}\fi } \fi \fi \
end {center}\@IEEEtablecaptionsbespace \else \@IEEEfigurecaptionsepspace \setbo
x \@tempboxa \hbox {\footnotesize #1.\color {black}\normalcolor ~~\sf \boldmath
 #2}\ifdim \wd \@tempboxa >\hsize \setbox \@tempboxa \hbox {\footnotesize #1.\c
olor {black}\normalcolor ~~ }\parbox [t]{\hsize }{\footnotesize \noindent \unhb
ox \@tempboxa \sf \boldmath #2}\else \ifcenterfigcaptions \hbox to\hsize {\foot
notesize \hfil \box \@tempboxa \hfil }\else \hbox to\hsize {\footnotesize \box 
\@tempboxa \hfil }\fi \fi \fi \color {black} on input line 1175.
)

Package caption Warning: Unknown document class (or package),
(caption)                standard defaults will be used.
See the caption package documentation for explanation.

\c@caption@flags=\count314
\c@continuedfloat=\count315
Package caption Info: float package is loaded.
) (/usr/local/share/miktex-texmf/tex/latex/l3backend/l3backend-pdftex.def
File: l3backend-pdftex.def 2025-10-09 L3 backend support: PDF output (pdfTeX)
\l__color_backend_stack_int=\count316
)
(tmi.aux

LaTeX Warning: Label `•' multiply defined.


LaTeX Warning: Label `•' multiply defined.


LaTeX Warning: Label `•' multiply defined.


LaTeX Warning: Label `•' multiply defined.


LaTeX Warning: Label `•' multiply defined.


LaTeX Warning: Label `•' multiply defined.


LaTeX Warning: Label `•' multiply defined.

)
\openout1 = `tmi.aux'.

LaTeX Font Info:    Checking defaults for OML/cmm/m/it on input line 18.
LaTeX Font Info:    ... okay on input line 18.
LaTeX Font Info:    Checking defaults for OMS/cmsy/m/n on input line 18.
LaTeX Font Info:    ... okay on input line 18.
LaTeX Font Info:    Checking defaults for OT1/cmr/m/n on input line 18.
LaTeX Font Info:    ... okay on input line 18.
LaTeX Font Info:    Checking defaults for T1/cmr/m/n on input line 18.
LaTeX Font Info:    ... okay on input line 18.
LaTeX Font Info:    Checking defaults for TS1/cmr/m/n on input line 18.
LaTeX Font Info:    ... okay on input line 18.
LaTeX Font Info:    Checking defaults for OMX/cmex/m/n on input line 18.
LaTeX Font Info:    ... okay on input line 18.
LaTeX Font Info:    Checking defaults for U/cmr/m/n on input line 18.
LaTeX Font Info:    ... okay on input line 18.
 (/usr/local/share/miktex-texmf/tex/context/base/mkii/supp-pdf.mkii
[Loading MPS to PDF converter (version 2006.09.02).]
\scratchcounter=\count317
\scratchdimen=\dimen181
\scratchbox=\box59
\nofMPsegments=\count318
\nofMParguments=\count319
\everyMPshowfont=\toks26
\MPscratchCnt=\count320
\MPscratchDim=\dimen182
\MPnumerator=\count321
\makeMPintoPDFobject=\count322
\everyMPtoPDFconversion=\toks27
) (/usr/local/share/miktex-texmf/tex/latex/epstopdf-pkg/epstopdf-base.sty
Package: epstopdf-base 2020-01-24 v2.11 Base part for package epstopdf
Package epstopdf-base Info: Redefining graphics rule for `.eps' on input line 4
85.

(/usr/local/share/miktex-texmf/tex/latex/00miktex/epstopdf-sys.cfg
File: epstopdf-sys.cfg 2021/03/18 v2.0 Configuration of epstopdf for MiKTeX
))
Package caption Info: Begin \AtBeginDocument code.
Package caption Info: End \AtBeginDocument code.
Package color Info: Redefining color nblue on input line 52.
Package color Info: Redefining color mblue on input line 52.
LaTeX Font Info:    Trying to load font information for OT1+phv on input line 5
2.

(/home/arafat/.miktex/texmfs/install/tex/latex/psnfss/ot1phv.fd
File: ot1phv.fd 2020/03/25 scalable font definitions for OT1/phv.
)
LaTeX Font Info:    Font shape `OT1/phv/m/it' in size <11> not available
(Font)              Font shape `OT1/phv/m/sl' tried instead on input line 52.
Package color Info: Redefining color nblue on input line 52.
Package color Info: Redefining color mblue on input line 52.
LaTeX Font Info:    Trying to load font information for U+msa on input line 52.


(/usr/local/share/miktex-texmf/tex/latex/amsfonts/umsa.fd
File: umsa.fd 2013/01/14 v3.01 AMS symbols A
)
LaTeX Font Info:    Trying to load font information for U+msb on input line 52.


(/usr/local/share/miktex-texmf/tex/latex/amsfonts/umsb.fd
File: umsb.fd 2013/01/14 v3.01 AMS symbols B
)
Package color Info: Redefining color nblue on input line 54.
Package color Info: Redefining color mblue on input line 54.
LaTeX Font Info:    Font shape `OT1/phv/b/it' in size <9> not available
(Font)              Font shape `OT1/phv/b/sl' tried instead on input line 54.
Package color Info: Redefining color nblue on input line 59.
Package color Info: Redefining color mblue on input line 59.
LaTeX Font Info:    Trying to load font information for T1+phv on input line 63
.

(/home/arafat/.miktex/texmfs/install/tex/latex/psnfss/t1phv.fd
File: t1phv.fd 2020/03/25 scalable font definitions for T1/phv.
)
Underfull \hbox (badness 10000) in paragraph at lines 65--66

 []


Underfull \hbox (badness 1472) in paragraph at lines 67--68
\OT1/ptm/m/n/10 like Par-al-lel Imag-ing(PI), Com-pressed Sens-ing(CS) were
 []


Underfull \hbox (badness 10000) in paragraph at lines 67--68

 []


Underfull \hbox (badness 1466) in paragraph at lines 69--70
\OT1/ptm/m/n/10 re-la-tion be-tween real and imag-i-nary val-ues of com-plex
 []


Underfull \hbox (badness 10000) in paragraph at lines 69--70

 []


Underfull \hbox (badness 10000) in paragraph at lines 71--73
[]\OT1/ptm/m/n/10 Other than data-driven ap-proaches, model-driven
 []


Underfull \hbox (badness 1412) in paragraph at lines 71--73
\OT1/ptm/m/n/10 Di-rec-tion method of Mul-ti-pli-ers \OT1/ptm/b/n/10 ADMM \OT1/
ptm/m/n/10 [8] is one of
 []


Underfull \hbox (badness 4518) in paragraph at lines 71--73
\OT1/ptm/m/n/10 the pi-o-neers in model-driven meth-ods. Fol-low-ing this
 []


Underfull \hbox (badness 10000) in paragraph at lines 71--73

 []


Underfull \hbox (badness 10000) in paragraph at lines 74--75
[]\OT1/ptm/m/n/10 Iterative model-based meth-ods like \OT1/ptm/b/n/10 vari-a-ti
onal
 []


Underfull \hbox (badness 3229) in paragraph at lines 74--75
\OT1/ptm/b/n/10 net-work \OT1/ptm/m/n/10 [10] im-ple-ments Fields of Ex-perts m
odel, a
 []


Underfull \hbox (badness 2197) in paragraph at lines 74--75
\OT1/ptm/m/n/10 of Ex-perts model. Very re-cent Gen-er-a-tive Mod-els like
 []


Underfull \hbox (badness 10000) in paragraph at lines 74--75

 []

Package epstopdf Info: Source file: <LOGO-tmi-web.eps>
(epstopdf)                    date: 2026-02-02 07:39:34
(epstopdf)                    size: 250611 bytes
(epstopdf)             Output file: <LOGO-tmi-web-eps-converted-to.pdf>
(epstopdf)                    date: 2026-02-02 16:09:53
(epstopdf)                    size: 15972 bytes
(epstopdf)             Command: <miktex-epstopdf --outfile=LOGO-tmi-web-eps-con
verted-to.pdf LOGO-tmi-web.eps>
(epstopdf)             \includegraphics on input line 77.
Package epstopdf Info: Output file is already uptodate.
<LOGO-tmi-web-eps-converted-to.pdf, id=1, 413.545pt x 57.21375pt>
File: LOGO-tmi-web-eps-converted-to.pdf Graphic file (type pdf)
<use LOGO-tmi-web-eps-converted-to.pdf>
Package pdftex.def Info: LOGO-tmi-web-eps-converted-to.pdf  used on input line 
77.
(pdftex.def)             Requested size: 198.0pt x 27.39331pt.

Overfull \hbox (109.0pt too wide) has occurred while \output is active
[][] 
 []


Overfull \hbox (162.0pt too wide) has occurred while \output is active
[] [] [] 
 []


Underfull \hbox (badness 10000) has occurred while \output is active
[]
 []


Overfull \vbox (16.39331pt too high) has occurred while \output is active []


[1{/home/arafat/.miktex/texmfs/data/fonts/map/pdftex/pdftex.map}{/usr/local/sha
re/miktex-texmf/fonts/enc/dvips/base/8r.enc}


 <./LOGO-tmi-web-eps-converted-to.pdf>]
Underfull \hbox (badness 3088) in paragraph at lines 102--103
\OT1/ptm/m/n/10 but model com-plex-ity was in-creas-ing in par-al-lel with
 []


Underfull \hbox (badness 10000) in paragraph at lines 102--103

 []


Underfull \hbox (badness 4608) in paragraph at lines 104--105
\OT1/ptm/m/n/10 pro-vide mul-ti-scale rep-re-sen-ta-tions by de-com-pos-ing the

 []


Underfull \hbox (badness 10000) in paragraph at lines 104--105

 []

<figures/WCNN.png, id=14, 2256.43pt x 919.435pt>
File: figures/WCNN.png Graphic file (type png)
<use figures/WCNN.png>
Package pdftex.def Info: figures/WCNN.png  used on input line 108.
(pdftex.def)             Requested size: 516.0pt x 210.25906pt.
<figures/Model.png, id=16, 2828.5675pt x 1044.90375pt>
File: figures/Model.png Graphic file (type png)
<use figures/Model.png>
Package pdftex.def Info: figures/Model.png  used on input line 116.
(pdftex.def)             Requested size: 516.0pt x 190.60963pt.
<figures/Refinement.png, id=17, 2153.04375pt x 977.6525pt>
File: figures/Refinement.png Graphic file (type png)
<use figures/Refinement.png>
Package pdftex.def Info: figures/Refinement.png  used on input line 123.
(pdftex.def)             Requested size: 516.0pt x 234.29828pt.
<figures/SME.png, id=18, 2230.3325pt x 612.2875pt>
File: figures/SME.png Graphic file (type png)
<use figures/SME.png>
Package pdftex.def Info: figures/SME.png  used on input line 130.
(pdftex.def)             Requested size: 516.0pt x 141.65466pt.
<figures/DC.png, id=19, 710.655pt x 221.82875pt>
File: figures/DC.png Graphic file (type png)
<use figures/DC.png>
Package pdftex.def Info: figures/DC.png  used on input line 138.
(pdftex.def)             Requested size: 252.0pt x 78.66005pt.

Underfull \hbox (badness 10000) in paragraph at lines 143--144

 []


Underfull \hbox (badness 1371) in paragraph at lines 145--146
[]\OT1/ptm/b/n/10 Data Con-sis-tency Mod-ule\OT1/ptm/m/n/10 : Data Con-sis-tenc
y mod-ule
 []


Underfull \hbox (badness 10000) in paragraph at lines 145--146
\OT1/ptm/m/n/10 miss-ing data in the un-der sam-pled re-gion through
 []


Underfull \hbox (badness 1803) in paragraph at lines 145--146
\OT1/ptm/m/n/10 re-con-struc-tion while main-tain-ing con-sis-tency where data
 []


Underfull \hbox (badness 10000) in paragraph at lines 145--146

 []


Underfull \hbox (badness 4242) in paragraph at lines 147--148
[]\OT1/ptm/b/n/10 Refinement Mod-ule\OT1/ptm/m/n/10 : The Re-fine-ment mod-ule 
maps
 []


Underfull \hbox (badness 10000) in paragraph at lines 147--148

 []

[2]
Underfull \hbox (badness 10000) in paragraph at lines 149--150

 []

\width=\dimen183

Overfull \hbox (34.93411pt too wide) in paragraph at lines 162--174
 [][] 
 []

LaTeX Font Info:    Font shape `OT1/phv/m/it' in size <7> not available
(Font)              Font shape `OT1/phv/m/sl' tried instead on input line 182.

Overfull \vbox (2.0pt too high) has occurred while \output is active []

 [3 <./figures/WCNN.png> <./figures/Model.png>]
Underfull \hbox (badness 2088) in paragraph at lines 184--185
\OT1/ptm/m/n/10 types of ground-truth im-ages - \OT1/ptm/b/n/10 re-con-struc-ti
on[]rss
 []


Underfull \vbox (badness 10000) has occurred while \output is active []


Underfull \hbox (badness 4132) in paragraph at lines 194--195
[]\OT1/ptm/b/n/10 reconstruction[]rss / re-con-struc-tion[]esc \OT1/ptm/m/n/10 
: Re-con-
 []


Overfull \vbox (2.0pt too high) has occurred while \output is active []

 [4 <./figures/Refinement.png> <./figures/SME.png> <./figures/DC.png>]
LaTeX Font Info:    Font shape `OT1/phv/m/it' in size <10> not available
(Font)              Font shape `OT1/phv/m/sl' tried instead on input line 201.

Underfull \hbox (badness 10000) in paragraph at lines 206--208

 []


Underfull \hbox (badness 7869) in paragraph at lines 209--210
\OT1/ptm/m/n/10 fre-quency re-gion, Meduim fre-quency re-gion & high
 []


Underfull \hbox (badness 2197) in paragraph at lines 209--210
\OT1/ptm/b/n/10 ACS \OT1/ptm/m/n/10 lines. Un-der-sam-pling masks are gen-er-al
ly cre-ated
 []


Underfull \hbox (badness 10000) in paragraph at lines 209--210

 []

<figures/kspace undersampling.png, id=44, 747.79375pt x 752.8125pt>
File: figures/kspace undersampling.png Graphic file (type png)
<use figures/kspace undersampling.png>
Package pdftex.def Info: figures/kspace undersampling.png  used on input line 2
34.
(pdftex.def)             Requested size: 252.0pt x 253.68993pt.

LaTeX Warning: `h' float specifier changed to `ht'.

LaTeX Font Info:    Font shape `OT1/phv/m/it' in size <9> not available
(Font)              Font shape `OT1/phv/m/sl' tried instead on input line 251.

Overfull \vbox (2.0pt too high) has occurred while \output is active []

 [5 <./figures/kspace undersampling.png>]
\width=\dimen184
\width=\dimen185
\width=\dimen186
\width=\dimen187

Overfull \vbox (2.0pt too high) has occurred while \output is active []

 [6]
\width=\dimen188
\width=\dimen189

Overfull \hbox (3.62259pt too wide) in paragraph at lines 495--514
 [][] 
 []

<figures/knee_single_result.png, id=53, 1428.33624pt x 1187.43625pt>
File: figures/knee_single_result.png Graphic file (type png)
<use figures/knee_single_result.png>
Package pdftex.def Info: figures/knee_single_result.png  used on input line 526
.
(pdftex.def)             Requested size: 516.0pt x 428.96246pt.
<figures/knee_multi_result.png, id=54, 1398.22375pt x 1126.2075pt>
File: figures/knee_multi_result.png Graphic file (type png)
<use figures/knee_multi_result.png>
Package pdftex.def Info: figures/knee_multi_result.png  used on input line 533.

(pdftex.def)             Requested size: 516.0pt x 415.62482pt.
<figures/brain_result.png, id=55, 1455.4375pt x 1993.4475pt>
File: figures/brain_result.png Graphic file (type png)
<use figures/brain_result.png>
Package pdftex.def Info: figures/brain_result.png  used on input line 540.
(pdftex.def)             Requested size: 516.0pt x 706.7511pt.

LaTeX Warning: Float too large for page by 28.7511pt on input line 543.


Overfull \vbox (2.0pt too high) has occurred while \output is active []

 [7]
Overfull \vbox (2.0pt too high) has occurred while \output is active []

 [8 <./figures/knee_single_result.png>]
Overfull \vbox (2.0pt too high) has occurred while \output is active []

 [9 <./figures/knee_multi_result.png>]
Overfull \vbox (2.0pt too high) has occurred while \output is active []

 [10 <./figures/brain_result.png>]
Underfull \vbox (badness 10000) has occurred while \output is active []


Underfull \hbox (badness 2050) in paragraph at lines 580--581
[]\OT1/ptm/m/n/8 Fessler JA. MODEL-BASED IM-AGE RE-CON-STRUC-TION FOR
 []


Underfull \hbox (badness 3375) in paragraph at lines 580--581
\OT1/ptm/m/n/8 MRI. IEEE Sig-nal Pro-cess Mag. 2010 Jul 1;27(4):81-89. doi:
 []


Underfull \hbox (badness 10000) in paragraph at lines 590--591
[]\OT1/ptm/m/n/8 Chung H, Ye JC. Score-based dif-fu-sion mod-els for ac-cel-
 []


Underfull \hbox (badness 10000) in paragraph at lines 590--591
\OT1/ptm/m/n/8 er-ated MRI. Med Im-age Anal. 2022 Aug;80:102479. doi:
 []


Underfull \hbox (badness 4779) in paragraph at lines 609--611
[]\OT1/ptm/m/n/8 M. Lustig, D. L. Donoho, J. M. San-tos and J. M. Pauly,
 []


Underfull \hbox (badness 10000) in paragraph at lines 609--611
\OT1/ptm/m/n/8 "Com-pressed Sens-ing MRI," in IEEE Sig-nal Pro-cess-ing
 []


Underfull \hbox (badness 10000) in paragraph at lines 609--611
\OT1/ptm/m/n/8 Mag-a-zine, vol. 25, no. 2, pp. 72-82, March 2008, doi:
 []


Underfull \hbox (badness 10000) in paragraph at lines 609--611
\OT1/ptm/m/n/8 res-o-nance imag-ing;Magnetization;Image re-con-struc-tion;Image

 []


Underfull \hbox (badness 2856) in paragraph at lines 613--614
\OT1/ptm/m/n/8 RAKS) for con-strained MRI. IEEE Trans Med Imag-ing. 2014
 []


Underfull \hbox (badness 2134) in paragraph at lines 635--637
[]\OT1/ptm/m/n/8 S. U. H. Dar, M. Yurt, M. Shahd-loo, M. E. Ild^^Pz, B. T^^Pnaz

 []


Underfull \hbox (badness 7888) in paragraph at lines 635--637
\OT1/ptm/m/n/8 ad-ver-sar-ial net-works;Neural net-works;Generative ad-ver-sar-
ial net-
 []


Overfull \vbox (2.0pt too high) has occurred while \output is active []

 [11

]
(tmi.aux)
 ***********
LaTeX2e <2025-11-01>
L3 programming layer <2026-01-19>
 ***********


LaTeX Warning: There were multiply-defined labels.

 ) 
Here is how much of TeX's memory you used:
 5482 strings out of 467867
 90085 string characters out of 5425599
 530631 words of memory out of 5000000
 34286 multiletter control sequences out of 15000+600000
 691060 words of font info for 141 fonts, out of 8000000 for 9000
 1141 hyphenation exceptions out of 8191
 57i,19n,74p,1136b,468s stack positions out of 10000i,1000n,20000p,200000b,200000s
</usr/local/share/miktex-texmf/fonts/type1/public/amsfonts/cm/cmbx10.pfb></us
r/local/share/miktex-texmf/fonts/type1/public/amsfonts/cm/cmbx7.pfb></usr/local
/share/miktex-texmf/fonts/type1/public/amsfonts/cm/cmex10.pfb></usr/local/share
/miktex-texmf/fonts/type1/public/amsfonts/cm/cmmi10.pfb></usr/local/share/mikte
x-texmf/fonts/type1/public/amsfonts/cm/cmmi7.pfb></usr/local/share/miktex-texmf
/fonts/type1/public/amsfonts/cm/cmr10.pfb></usr/local/share/miktex-texmf/fonts/
type1/public/amsfonts/cm/cmr7.pfb></usr/local/share/miktex-texmf/fonts/type1/pu
blic/amsfonts/cm/cmsy10.pfb></usr/local/share/miktex-texmf/fonts/type1/public/a
msfonts/cm/cmsy7.pfb></usr/local/share/miktex-texmf/fonts/type1/public/amsfonts
/symbols/msbm10.pfb></usr/local/share/miktex-texmf/fonts/type1/urw/helvetic/uhv
b8a.pfb></usr/local/share/miktex-texmf/fonts/type1/urw/helvetic/uhvbo8a.pfb></u
sr/local/share/miktex-texmf/fonts/type1/urw/helvetic/uhvr8a.pfb></usr/local/sha
re/miktex-texmf/fonts/type1/urw/helvetic/uhvro8a.pfb></usr/local/share/miktex-t
exmf/fonts/type1/urw/times/utmb8a.pfb></usr/local/share/miktex-texmf/fonts/type
1/urw/times/utmr8a.pfb></usr/local/share/miktex-texmf/fonts/type1/urw/times/utm
ri8a.pfb>
Output written on tmi.pdf (11 pages, 7136093 bytes).
PDF statistics:
 146 PDF objects out of 1000 (max. 8388607)
 0 named destinations out of 1000 (max. 500000)
 51 words of extra memory for PDF output out of 10000 (max. 10000000)

